<?xml version="1.0" encoding="UTF-8"?>
<testng-results ignored="0" total="1" passed="1" failed="0" skipped="0">
  <reporter-output>
  </reporter-output>
  <suite started-at="2026-01-20T15:42:54 IST" name="Default suite" finished-at="2026-01-20T15:42:54 IST" duration-ms="69">
    <groups>
    </groups>
    <test started-at="2026-01-20T15:42:54 IST" name="Default test" finished-at="2026-01-20T15:42:54 IST" duration-ms="69">
      <class name="test.Day01">
        <test-method signature="Demo()[pri:0, instance:test.Day01@38c6f217]" started-at="2026-01-20T15:42:54 IST" name="Demo" finished-at="2026-01-20T15:42:54 IST" duration-ms="11" status="PASS">
          <reporter-output>
          </reporter-output>
        </test-method> <!-- Demo -->
      </class> <!-- test.Day01 -->
    </test> <!-- Default test -->
  </suite> <!-- Default suite -->
</testng-results>
