<?xml version="1.0" encoding="UTF-8"?>
<testng-results ignored="2" total="13" passed="10" failed="1" skipped="0">
  <reporter-output>
  </reporter-output>
  <suite started-at="2026-01-23T17:06:02 IST" name="Loan Department Suite" finished-at="2026-01-23T17:06:02 IST" duration-ms="242">
    <groups>
      <group name="Smoke">
        <method signature="Day02.Ploan()[pri:0, instance:test.Day02@41d477ed]" name="Ploan" class="test.Day02"/>
        <method signature="Day04.MobileloginHomeLoan()[pri:0, instance:test.Day04@3590fc5b]" name="MobileloginHomeLoan" class="test.Day04"/>
        <method signature="Day03.MobileleSignInCarLoan()[pri:0, instance:test.Day03@65e98b1c]" name="MobileleSignInCarLoan" class="test.Day03"/>
      </group> <!-- Smoke -->
    </groups>
    <test started-at="2026-01-23T17:06:02 IST" name="Personal Loan Test" finished-at="2026-01-23T17:06:02 IST" duration-ms="96">
      <class name="test.Day04">
        <test-method signature="LoginAPIHomeLoan()[pri:0, instance:test.Day04@3590fc5b]" started-at="2026-01-23T17:06:02 IST" name="LoginAPIHomeLoan" finished-at="2026-01-23T17:06:02 IST" duration-ms="1" status="PASS">
          <reporter-output>
          </reporter-output>
        </test-method> <!-- LoginAPIHomeLoan -->
        <test-method signature="MobileloginHomeLoan()[pri:0, instance:test.Day04@3590fc5b]" started-at="2026-01-23T17:06:02 IST" name="MobileloginHomeLoan" finished-at="2026-01-23T17:06:02 IST" duration-ms="2" status="PASS">
          <reporter-output>
          </reporter-output>
        </test-method> <!-- MobileloginHomeLoan -->
        <test-method signature="WebloginHomeLoan(java.lang.String)[pri:0, instance:test.Day04@3590fc5b]" started-at="2026-01-23T17:06:02 IST" name="WebloginHomeLoan" finished-at="2026-01-23T17:06:02 IST" duration-ms="2" status="PASS">
          <params>
            <param index="0">
              <value>
                <![CDATA[Tesers-HUB.com]]>
              </value>
            </param>
          </params>
          <reporter-output>
          </reporter-output>
        </test-method> <!-- WebloginHomeLoan -->
      </class> <!-- test.Day04 -->
      <class name="test.Day01">
        <test-method signature="SecondTest()[pri:0, instance:test.Day01@34123d65]" started-at="2026-01-23T17:06:02 IST" name="SecondTest" finished-at="2026-01-23T17:06:02 IST" duration-ms="17" status="FAIL">
          <exception class="java.lang.AssertionError">
            <message>
              <![CDATA[expected [true] but found [false]]]>
            </message>
            <full-stacktrace>
              <![CDATA[java.lang.AssertionError: expected [true] but found [false]
at org.testng.Assert.fail(Assert.java:111)
at org.testng.Assert.failNotEquals(Assert.java:1590)
at org.testng.Assert.assertTrue(Assert.java:57)
at org.testng.Assert.assertTrue(Assert.java:67)
at test.Day01.SecondTest(Day01.java:17)
at java.base/jdk.internal.reflect.DirectMethodHandleAccessor.invoke(DirectMethodHandleAccessor.java:103)
at java.base/java.lang.reflect.Method.invoke(Method.java:580)
at org.testng.internal.invokers.MethodInvocationHelper.invokeMethod(MethodInvocationHelper.java:141)
at org.testng.internal.invokers.TestInvoker.invokeMethod(TestInvoker.java:687)
at org.testng.internal.invokers.TestInvoker.invokeTestMethod(TestInvoker.java:230)
at org.testng.internal.invokers.MethodRunner.runInSequence(MethodRunner.java:63)
at org.testng.internal.invokers.TestInvoker$MethodInvocationAgent.invoke(TestInvoker.java:995)
at org.testng.internal.invokers.TestInvoker.invokeTestMethods(TestInvoker.java:203)
at org.testng.internal.invokers.TestMethodWorker.invokeTestMethods(TestMethodWorker.java:154)
at org.testng.internal.invokers.TestMethodWorker.run(TestMethodWorker.java:134)
at java.base/java.util.ArrayList.forEach(ArrayList.java:1596)
at org.testng.TestRunner.privateRun(TestRunner.java:741)
at org.testng.TestRunner.run(TestRunner.java:616)
at org.testng.SuiteRunner.runTest(SuiteRunner.java:421)
at org.testng.SuiteRunner.runSequentially(SuiteRunner.java:413)
at org.testng.SuiteRunner.privateRun(SuiteRunner.java:373)
at org.testng.SuiteRunner.run(SuiteRunner.java:312)
at org.testng.SuiteRunnerWorker.runSuite(SuiteRunnerWorker.java:52)
at org.testng.SuiteRunnerWorker.run(SuiteRunnerWorker.java:95)
at org.testng.TestNG.runSuitesSequentially(TestNG.java:1274)
at org.testng.TestNG.runSuitesLocally(TestNG.java:1208)
at org.testng.TestNG.runSuites(TestNG.java:1112)
at org.testng.TestNG.run(TestNG.java:1079)
at org.testng.remote.AbstractRemoteTestNG.run(AbstractRemoteTestNG.java:115)
at org.testng.remote.RemoteTestNG.initAndRun(RemoteTestNG.java:293)
at org.testng.remote.RemoteTestNG.main(RemoteTestNG.java:91)
]]>
            </full-stacktrace>
          </exception> <!-- java.lang.AssertionError -->
          <reporter-output>
          </reporter-output>
        </test-method> <!-- SecondTest -->
        <test-method is-config="true" signature="Demo()[pri:0, instance:test.Day01@34123d65]" started-at="2026-01-23T17:06:02 IST" name="Demo" finished-at="2026-01-23T17:06:02 IST" duration-ms="1" status="PASS">
          <reporter-output>
          </reporter-output>
        </test-method> <!-- Demo -->
      </class> <!-- test.Day01 -->
      <class name="test.Day02">
        <test-method is-config="true" signature="prerequiste()[pri:0, instance:test.Day02@41d477ed]" started-at="2026-01-23T17:06:02 IST" name="prerequiste" finished-at="2026-01-23T17:06:02 IST" duration-ms="0" status="PASS">
          <reporter-output>
          </reporter-output>
        </test-method> <!-- prerequiste -->
        <test-method signature="Ploan()[pri:0, instance:test.Day02@41d477ed]" started-at="2026-01-23T17:06:02 IST" name="Ploan" finished-at="2026-01-23T17:06:02 IST" duration-ms="2" status="PASS">
          <reporter-output>
          </reporter-output>
        </test-method> <!-- Ploan -->
      </class> <!-- test.Day02 -->
    </test> <!-- Personal Loan Test -->
    <test started-at="2026-01-23T17:06:02 IST" name="Car Loan Test" finished-at="2026-01-23T17:06:02 IST" duration-ms="54">
      <class name="test.Day01">
        <test-method is-config="true" signature="Afsuite()[pri:0, instance:test.Day01@34123d65]" started-at="2026-01-23T17:06:02 IST" name="Afsuite" finished-at="2026-01-23T17:06:02 IST" duration-ms="1" status="PASS">
          <reporter-output>
          </reporter-output>
        </test-method> <!-- Afsuite -->
      </class> <!-- test.Day01 -->
      <class name="test.Day03">
        <test-method is-config="true" signature="Bfsuite()[pri:0, instance:test.Day03@65e98b1c]" started-at="2026-01-23T17:06:02 IST" name="Bfsuite" finished-at="2026-01-23T17:06:02 IST" duration-ms="22" status="PASS">
          <reporter-output>
          </reporter-output>
        </test-method> <!-- Bfsuite -->
        <test-method is-config="true" signature="beforeclass()[pri:0, instance:test.Day03@65e98b1c]" started-at="2026-01-23T17:06:02 IST" name="beforeclass" finished-at="2026-01-23T17:06:02 IST" duration-ms="0" status="PASS">
          <reporter-output>
          </reporter-output>
        </test-method> <!-- beforeclass -->
        <test-method is-config="true" signature="beforeeverymethod()[pri:0, instance:test.Day03@65e98b1c]" started-at="2026-01-23T17:06:02 IST" name="beforeeverymethod" finished-at="2026-01-23T17:06:02 IST" duration-ms="1" status="PASS">
          <reporter-output>
          </reporter-output>
        </test-method> <!-- beforeeverymethod -->
        <test-method signature="MobilelSignOutCarLoan(java.lang.String,java.lang.String)[pri:0, instance:test.Day03@65e98b1c]" started-at="2026-01-23T17:06:02 IST" name="MobilelSignOutCarLoan" data-provider="getData" finished-at="2026-01-23T17:06:02 IST" duration-ms="4" status="PASS">
          <params>
            <param index="0">
              <value>
                <![CDATA[firstsetusername]]>
              </value>
            </param>
            <param index="1">
              <value>
                <![CDATA[firstpassword]]>
              </value>
            </param>
          </params>
          <reporter-output>
          </reporter-output>
        </test-method> <!-- MobilelSignOutCarLoan -->
        <test-method is-config="true" signature="Aftereverymethod()[pri:0, instance:test.Day03@65e98b1c]" started-at="2026-01-23T17:06:02 IST" name="Aftereverymethod" finished-at="2026-01-23T17:06:02 IST" duration-ms="1" status="PASS">
          <reporter-output>
          </reporter-output>
        </test-method> <!-- Aftereverymethod -->
        <test-method signature="MobilelSignOutCarLoan(java.lang.String,java.lang.String)[pri:0, instance:test.Day03@65e98b1c]" started-at="2026-01-23T17:06:02 IST" name="MobilelSignOutCarLoan" data-provider="getData" finished-at="2026-01-23T17:06:02 IST" duration-ms="1" status="PASS">
          <params>
            <param index="0">
              <value>
                <![CDATA[secondsetusername]]>
              </value>
            </param>
            <param index="1">
              <value>
                <![CDATA[secondpassword]]>
              </value>
            </param>
          </params>
          <reporter-output>
          </reporter-output>
        </test-method> <!-- MobilelSignOutCarLoan -->
        <test-method is-config="true" signature="beforeeverymethod()[pri:0, instance:test.Day03@65e98b1c]" started-at="2026-01-23T17:06:02 IST" name="beforeeverymethod" finished-at="2026-01-23T17:06:02 IST" duration-ms="0" status="PASS">
          <reporter-output>
          </reporter-output>
        </test-method> <!-- beforeeverymethod -->
        <test-method is-config="true" signature="Aftereverymethod()[pri:0, instance:test.Day03@65e98b1c]" started-at="2026-01-23T17:06:02 IST" name="Aftereverymethod" finished-at="2026-01-23T17:06:02 IST" duration-ms="1" status="PASS">
          <reporter-output>
          </reporter-output>
        </test-method> <!-- Aftereverymethod -->
        <test-method is-config="true" signature="beforeeverymethod()[pri:0, instance:test.Day03@65e98b1c]" started-at="2026-01-23T17:06:02 IST" name="beforeeverymethod" finished-at="2026-01-23T17:06:02 IST" duration-ms="1" status="PASS">
          <reporter-output>
          </reporter-output>
        </test-method> <!-- beforeeverymethod -->
        <test-method signature="MobilelSignOutCarLoan(java.lang.String,java.lang.String)[pri:0, instance:test.Day03@65e98b1c]" started-at="2026-01-23T17:06:02 IST" name="MobilelSignOutCarLoan" data-provider="getData" finished-at="2026-01-23T17:06:02 IST" duration-ms="1" status="PASS">
          <params>
            <param index="0">
              <value>
                <![CDATA[thirdsetusername]]>
              </value>
            </param>
            <param index="1">
              <value>
                <![CDATA[thirdpassword]]>
              </value>
            </param>
          </params>
          <reporter-output>
          </reporter-output>
        </test-method> <!-- MobilelSignOutCarLoan -->
        <test-method is-config="true" signature="Aftereverymethod()[pri:0, instance:test.Day03@65e98b1c]" started-at="2026-01-23T17:06:02 IST" name="Aftereverymethod" finished-at="2026-01-23T17:06:02 IST" duration-ms="0" status="PASS">
          <reporter-output>
          </reporter-output>
        </test-method> <!-- Aftereverymethod -->
        <test-method is-config="true" signature="beforeeverymethod()[pri:0, instance:test.Day03@65e98b1c]" started-at="2026-01-23T17:06:02 IST" name="beforeeverymethod" finished-at="2026-01-23T17:06:02 IST" duration-ms="1" status="PASS">
          <reporter-output>
          </reporter-output>
        </test-method> <!-- beforeeverymethod -->
        <test-method signature="MobilelSignOutCarLoantimeOut()[pri:0, instance:test.Day03@65e98b1c]" started-at="2026-01-23T17:06:02 IST" name="MobilelSignOutCarLoantimeOut" finished-at="2026-01-23T17:06:02 IST" duration-ms="8" status="PASS">
          <reporter-output>
          </reporter-output>
        </test-method> <!-- MobilelSignOutCarLoantimeOut -->
        <test-method is-config="true" signature="Aftereverymethod()[pri:0, instance:test.Day03@65e98b1c]" started-at="2026-01-23T17:06:02 IST" name="Aftereverymethod" finished-at="2026-01-23T17:06:02 IST" duration-ms="1" status="PASS">
          <reporter-output>
          </reporter-output>
        </test-method> <!-- Aftereverymethod -->
        <test-method is-config="true" signature="beforeeverymethod()[pri:0, instance:test.Day03@65e98b1c]" started-at="2026-01-23T17:06:02 IST" name="beforeeverymethod" finished-at="2026-01-23T17:06:02 IST" duration-ms="1" status="PASS">
          <reporter-output>
          </reporter-output>
        </test-method> <!-- beforeeverymethod -->
        <test-method signature="MobileleSignInCarLoan()[pri:0, instance:test.Day03@65e98b1c]" started-at="2026-01-23T17:06:02 IST" name="MobileleSignInCarLoan" finished-at="2026-01-23T17:06:02 IST" duration-ms="3" status="PASS">
          <reporter-output>
          </reporter-output>
        </test-method> <!-- MobileleSignInCarLoan -->
        <test-method is-config="true" signature="Aftereverymethod()[pri:0, instance:test.Day03@65e98b1c]" started-at="2026-01-23T17:06:02 IST" name="Aftereverymethod" finished-at="2026-01-23T17:06:02 IST" duration-ms="1" status="PASS">
          <reporter-output>
          </reporter-output>
        </test-method> <!-- Aftereverymethod -->
        <test-method is-config="true" signature="beforeeverymethod()[pri:0, instance:test.Day03@65e98b1c]" started-at="2026-01-23T17:06:02 IST" name="beforeeverymethod" finished-at="2026-01-23T17:06:02 IST" duration-ms="3" status="PASS">
          <reporter-output>
          </reporter-output>
        </test-method> <!-- beforeeverymethod -->
        <test-method signature="MobileloginCarLoan(java.lang.String,java.lang.String)[pri:0, instance:test.Day03@65e98b1c]" started-at="2026-01-23T17:06:02 IST" name="MobileloginCarLoan" finished-at="2026-01-23T17:06:02 IST" duration-ms="3" status="PASS">
          <params>
            <param index="0">
              <value>
                <![CDATA[Carloan.com]]>
              </value>
            </param>
            <param index="1">
              <value>
                <![CDATA[123456]]>
              </value>
            </param>
          </params>
          <reporter-output>
          </reporter-output>
        </test-method> <!-- MobileloginCarLoan -->
        <test-method is-config="true" signature="Aftereverymethod()[pri:0, instance:test.Day03@65e98b1c]" started-at="2026-01-23T17:06:02 IST" name="Aftereverymethod" finished-at="2026-01-23T17:06:02 IST" duration-ms="1" status="PASS">
          <reporter-output>
          </reporter-output>
        </test-method> <!-- Aftereverymethod -->
        <test-method is-config="true" signature="afterclass()[pri:0, instance:test.Day03@65e98b1c]" started-at="2026-01-23T17:06:02 IST" name="afterclass" finished-at="2026-01-23T17:06:02 IST" duration-ms="1" status="PASS">
          <reporter-output>
          </reporter-output>
        </test-method> <!-- afterclass -->
      </class> <!-- test.Day03 -->
    </test> <!-- Car Loan Test -->
  </suite> <!-- Loan Department Suite -->
</testng-results>
