<?xml version="1.0" encoding="UTF-8"?>
<!-- Generated by org.testng.reporters.JUnitReportReporter -->
<testsuite hostname="DESKTOP-MVABSDP" failures="0" tests="3" name="test.Day04" time="0.006" errors="0" timestamp="2026-01-21T12:34:57 IST" skipped="0">
  <testcase classname="test.Day04" name="WebloginHomeLoan" time="0.002"/>
  <testcase classname="test.Day04" name="LoginAPIHomeLoan" time="0.002"/>
  <testcase classname="test.Day04" name="MobileloginHomeLoan" time="0.002"/>
</testsuite> <!-- test.Day04 -->
