<?xml version="1.0" encoding="UTF-8"?>
<!-- Generated by org.testng.reporters.JUnitReportReporter -->
<testsuite hostname="DESKTOP-MVABSDP" failures="0" tests="3" name="test.Day04" time="0.037" errors="0" timestamp="2026-01-26T23:45:14 IST" skipped="0">
  <testcase classname="test.Day04" name="LoginAPIHomeLoan" time="0.027"/>
  <testcase classname="test.Day04" name="WebloginHomeLoan" time="0.007"/>
  <testcase classname="test.Day04" name="MobileloginHomeLoan" time="0.003"/>
</testsuite> <!-- test.Day04 -->
