<?xml version="1.0" encoding="UTF-8"?>
<!-- Generated by org.testng.reporters.JUnitReportReporter -->
<testsuite hostname="DESKTOP-MVABSDP" failures="0" tests="7" name="test.Day03" time="0.059" errors="0" timestamp="2026-01-23T18:08:03 IST" skipped="1">
  <testcase classname="test.Day03" name="MobilelSignOutCarLoan" time="0.010"/>
  <testcase classname="test.Day03" name="MobileloginCarLoan" time="0.005"/>
  <testcase classname="test.Day03" name="MobilelSignOutCarLoan" time="0.017"/>
  <testcase classname="test.Day03" name="MobilelSignOutCarLoan" time="0.009"/>
  <testcase classname="test.Day03" name="MobileleSignInCarLoan" time="0.005"/>
  <testcase classname="test.Day03" name="MobilelSignOutCarLoantimeOut" time="0.013"/>
  <testcase classname="test.Day03" name="WebloginCarLoan">
    <skipped/>
  </testcase> <!-- WebloginCarLoan -->
</testsuite> <!-- test.Day03 -->
