<?xml version="1.0" encoding="UTF-8"?>
<!-- Generated by org.testng.reporters.JUnitReportReporter -->
<testsuite hostname="DESKTOP-MVABSDP" failures="0" tests="7" name="test.Day03" time="0.032" errors="0" timestamp="2026-01-23T17:06:02 IST" skipped="1">
  <testcase classname="test.Day03" name="MobilelSignOutCarLoan" time="0.006"/>
  <testcase classname="test.Day03" name="MobilelSignOutCarLoantimeOut" time="0.010"/>
  <testcase classname="test.Day03" name="MobilelSignOutCarLoan" time="0.003"/>
  <testcase classname="test.Day03" name="MobileloginCarLoan" time="0.006"/>
  <testcase classname="test.Day03" name="MobilelSignOutCarLoan" time="0.002"/>
  <testcase classname="test.Day03" name="MobileleSignInCarLoan" time="0.005"/>
  <testcase classname="test.Day03" name="WebloginCarLoan">
    <skipped/>
  </testcase> <!-- WebloginCarLoan -->
</testsuite> <!-- test.Day03 -->
