<?xml version="1.0" encoding="UTF-8"?>
<!-- Generated by org.testng.reporters.JUnitXMLReporter -->
<testsuite ignored="1" hostname="DESKTOP-MVABSDP" failures="0" tests="4" name="Car Loan Test" time="0.017" errors="0" timestamp="2026-01-21T12:28:50 IST">
  <testcase classname="test.Day03" name="MobilelSignOutCarLoan" time="0.001"/>
  <testcase classname="test.Day03" name="MobileleSignInCarLoan" time="0.001"/>
  <testcase classname="test.Day03" name="MobileloginCarLoan" time="0.001"/>
  <testcase classname="test.Day03" name="WebloginCarLoan" time="0.001"/>
  <testcase classname="test.Day03" name="APICarLoan" time="0.0">
    <ignored/>
  </testcase> <!-- APICarLoan -->
</testsuite> <!-- Car Loan Test -->
