<?xml version="1.0" encoding="UTF-8"?>
<!-- Generated by org.testng.reporters.JUnitXMLReporter -->
<testsuite ignored="2" hostname="DESKTOP-MVABSDP" failures="0" tests="6" name="Car Loan Test" time="0.222" errors="0" timestamp="2026-01-26T23:45:14 IST">
  <testcase classname="test.Day03" name="MobilelSignOutCarLoan" time="0.027"/>
  <testcase classname="test.Day03" name="MobilelSignOutCarLoan" time="0.004"/>
  <testcase classname="test.Day03" name="MobilelSignOutCarLoan" time="0.004"/>
  <testcase classname="test.Day03" name="MobilelSignOutCarLoantimeOut" time="0.015"/>
  <testcase classname="test.Day03" name="MobileleSignInCarLoan" time="0.005"/>
  <testcase classname="test.Day03" name="MobileloginCarLoan" time="0.004"/>
  <testcase classname="test.Day03" name="WebloginCarLoan" time="0.0">
    <ignored/>
  </testcase> <!-- WebloginCarLoan -->
  <testcase classname="test.Day03" name="APICarLoan" time="0.0">
    <ignored/>
  </testcase> <!-- APICarLoan -->
</testsuite> <!-- Car Loan Test -->
