<?xml version="1.0" encoding="UTF-8"?>
<!-- Generated by org.testng.reporters.JUnitXMLReporter -->
<testsuite ignored="1" hostname="DESKTOP-MVABSDP" failures="0" tests="5" name="Personal Loan Test" time="0.13" errors="0" timestamp="2026-01-20T18:01:40 IST">
  <testcase classname="test.Day01" name="Demo" time="0.02"/>
  <testcase classname="test.Day02" name="Ploan" time="0.002"/>
  <testcase classname="test.Day04" name="LoginAPIHomeLoan" time="0.003"/>
  <testcase classname="test.Day04" name="MobileloginHomeLoan" time="0.002"/>
  <testcase classname="test.Day04" name="WebloginHomeLoan" time="0.002"/>
  <testcase classname="test.Day01" name="SecondTest" time="0.0">
    <ignored/>
  </testcase> <!-- SecondTest -->
</testsuite> <!-- Personal Loan Test -->
