<?xml version="1.0" encoding="UTF-8"?>
<!-- Generated by org.testng.reporters.JUnitXMLReporter -->
<testsuite ignored="1" hostname="DESKTOP-MVABSDP" failures="0" tests="4" name="Personal Loan Test" time="0.073" errors="0" timestamp="2026-01-23T15:59:50 IST">
  <testcase classname="test.Day02" name="Ploan" time="0.006"/>
  <testcase classname="test.Day04" name="LoginAPIHomeLoan" time="0.002"/>
  <testcase classname="test.Day04" name="MobileloginHomeLoan" time="0.001"/>
  <testcase classname="test.Day04" name="WebloginHomeLoan" time="0.003"/>
  <testcase classname="test.Day01" name="SecondTest" time="0.0">
    <ignored/>
  </testcase> <!-- SecondTest -->
</testsuite> <!-- Personal Loan Test -->
