<?xml version="1.0" encoding="UTF-8"?>
<!-- Generated by org.testng.reporters.JUnitXMLReporter -->
<testsuite ignored="0" hostname="DESKTOP-MVABSDP" failures="1" tests="5" name="Personal Loan Test" time="0.109" errors="0" timestamp="2026-01-23T18:08:02 IST">
  <testcase classname="test.Day02" name="Ploan" time="0.016"/>
  <testcase classname="test.Day04" name="LoginAPIHomeLoan" time="0.016"/>
  <testcase classname="test.Day04" name="MobileloginHomeLoan" time="0.002"/>
  <testcase classname="test.Day04" name="WebloginHomeLoan" time="0.004"/>
  <testcase classname="test.Day01" name="SecondTest" time="0.048">
    <failure type="java.lang.AssertionError" message="expected [true] but found [false]">
      <![CDATA[java.lang.AssertionError: expected [true] but found [false]
at test.Day01.SecondTest(Day01.java:17)
at java.base/java.util.concurrent.Executors$RunnableAdapter.call(Executors.java:572)
at java.base/java.util.concurrent.FutureTask.run(FutureTask.java:317)
at java.base/java.util.concurrent.ThreadPoolExecutor.runWorker(ThreadPoolExecutor.java:1144)
at java.base/java.util.concurrent.ThreadPoolExecutor$Worker.run(ThreadPoolExecutor.java:642)
at java.base/java.lang.Thread.run(Thread.java:1583)
... Removed 15 stack frames]]>
    </failure>
  </testcase> <!-- SecondTest -->
</testsuite> <!-- Personal Loan Test -->
