<?xml version="1.0" encoding="UTF-8"?>
<!-- Generated by org.testng.reporters.JUnitXMLReporter -->
<testsuite ignored="7" hostname="DESKTOP-MVABSDP" failures="0" tests="3" name="Regression Tests" time="0.146" errors="0" timestamp="2026-01-21T16:31:34 IST">
  <testcase classname="test.Day02" name="Ploan" time="0.019"/>
  <testcase classname="test.Day03" name="MobileleSignInCarLoan" time="0.002"/>
  <testcase classname="test.Day04" name="MobileloginHomeLoan" time="0.007"/>
  <testcase classname="test.Day03" name="MobilelSignOutCarLoan" time="0.0">
    <ignored/>
  </testcase> <!-- MobilelSignOutCarLoan -->
  <testcase classname="test.Day01" name="SecondTest" time="0.0">
    <ignored/>
  </testcase> <!-- SecondTest -->
  <testcase classname="test.Day03" name="WebloginCarLoan" time="0.0">
    <ignored/>
  </testcase> <!-- WebloginCarLoan -->
  <testcase classname="test.Day04" name="LoginAPIHomeLoan" time="0.0">
    <ignored/>
  </testcase> <!-- LoginAPIHomeLoan -->
  <testcase classname="test.Day03" name="APICarLoan" time="0.0">
    <ignored/>
  </testcase> <!-- APICarLoan -->
  <testcase classname="test.Day03" name="MobileloginCarLoan" time="0.0">
    <ignored/>
  </testcase> <!-- MobileloginCarLoan -->
  <testcase classname="test.Day04" name="WebloginHomeLoan" time="0.0">
    <ignored/>
  </testcase> <!-- WebloginHomeLoan -->
</testsuite> <!-- Regression Tests -->
